#
# There is insufficient memory for the Java Runtime Environment to continue.
# Native memory allocation (malloc) failed to allocate 32744 bytes for ChunkPool::allocate
# Possible reasons:
#   The system is out of physical RAM or swap space
#   In 32 bit mode, the process size limit was hit
# Possible solutions:
#   Reduce memory load on the system
#   Increase physical memory or swap space
#   Check if swap backing store is full
#   Use 64 bit Java on a 64 bit OS
#   Decrease Java heap size (-Xmx/-Xms)
#   Decrease number of Java threads
#   Decrease Java thread stack sizes (-Xss)
#   Set larger code cache with -XX:ReservedCodeCacheSize=
# This output file may be truncated or incomplete.
#
#  Out of Memory Error (allocation.cpp:273), pid=5704, tid=12308
#
# JRE version: Java(TM) SE Runtime Environment (8.0_20-b26) (build 1.8.0_20-b26)
# Java VM: Java HotSpot(TM) 64-Bit Server VM (25.20-b23 mixed mode windows-amd64 compressed oops)
# Failed to write core dump. Minidumps are not enabled by default on client versions of Windows
#

---------------  T H R E A D  ---------------

Current thread (0x0000000057b34000):  JavaThread "C2 CompilerThread1" daemon [_thread_in_native, id=12308, stack(0x0000000058df0000,0x0000000058ef0000)]

Stack: [0x0000000058df0000,0x0000000058ef0000]
Native frames: (J=compiled Java code, j=interpreted, Vv=VM code, C=native code)
V  [jvm.dll+0x3152fa]


Current CompileTask:
C2:  34211 7248       4       java.net.URLClassLoader$1::run (5 bytes)


---------------  P R O C E S S  ---------------

Java Threads: ( => current thread )
  0x000000005ab35800 JavaThread "Memory manager" [_thread_blocked, id=4056, stack(0x0000000061be0000,0x0000000061ce0000)]
  0x000000005ab35000 JavaThread "pool-1-thread-1" [_thread_blocked, id=11308, stack(0x000000005ecb0000,0x000000005edb0000)]
  0x000000005ab34000 JavaThread "build operations Thread 8" [_thread_blocked, id=5768, stack(0x0000000061350000,0x0000000061450000)]
  0x000000005ab33800 JavaThread "build operations Thread 7" [_thread_blocked, id=10160, stack(0x0000000061220000,0x0000000061320000)]
  0x000000005ab32800 JavaThread "build operations Thread 6" [_thread_blocked, id=4872, stack(0x0000000061040000,0x0000000061140000)]
  0x000000005ab32000 JavaThread "build operations Thread 5" [_thread_blocked, id=7544, stack(0x0000000060ba0000,0x0000000060ca0000)]
  0x000000005ab31000 JavaThread "build operations Thread 4" [_thread_blocked, id=13600, stack(0x000000005c1d0000,0x000000005c2d0000)]
  0x000000005ab30000 JavaThread "build operations Thread 3" [_thread_blocked, id=10596, stack(0x0000000060f00000,0x0000000061000000)]
  0x000000005ab2f800 JavaThread "build operations Thread 2" [_thread_blocked, id=11728, stack(0x0000000060db0000,0x0000000060eb0000)]
  0x000000005ab2e800 JavaThread "build operations" [_thread_blocked, id=11456, stack(0x0000000060cb0000,0x0000000060db0000)]
  0x000000005ab2d000 JavaThread "Cache worker for Artifact transforms cache (C:\Users\junming.liang\.gradle\caches\transforms-1)" [_thread_blocked, id=9600, stack(0x000000005d830000,0x000000005d930000)]
  0x000000005ab2b800 JavaThread "Cache worker for file hash cache (E:\java\android-studio-workspace\TestAndroidO\.gradle\4.1\fileHashes)" [_thread_blocked, id=872, stack(0x000000005d970000,0x000000005da70000)]
  0x000000005ab2b000 JavaThread "File lock request listener" [_thread_in_native, id=12140, stack(0x000000005c2e0000,0x000000005c3e0000)]
  0x000000005ae1a800 JavaThread "Cache worker for file hash cache (C:\Users\junming.liang\.gradle\caches\4.1\fileHashes)" [_thread_blocked, id=12848, stack(0x000000005c0c0000,0x000000005c1c0000)]
  0x000000005a80c800 JavaThread "Stdin handler" [_thread_blocked, id=5080, stack(0x000000005bfa0000,0x000000005c0a0000)]
  0x000000005a80b800 JavaThread "Asynchronous log dispatcher for DefaultDaemonConnection: socket connection from /127.0.0.1:50963 to /127.0.0.1:50964" [_thread_blocked, id=6716, stack(0x000000005be80000,0x000000005bf80000)]
  0x000000005a9d3800 JavaThread "Daemon worker" [_thread_in_native, id=8280, stack(0x000000005bb90000,0x000000005bc90000)]
  0x000000005a8d4800 JavaThread "Cancel handler" [_thread_blocked, id=11888, stack(0x000000005bd10000,0x000000005be10000)]
  0x000000005abbb000 JavaThread "Handler for socket connection from /127.0.0.1:50963 to /127.0.0.1:50964" [_thread_in_native, id=7232, stack(0x0000000059080000,0x0000000059180000)]
  0x000000005abba800 JavaThread "Daemon" [_thread_blocked, id=3088, stack(0x000000005b730000,0x000000005b830000)]
  0x000000005a9e5000 JavaThread "Daemon periodic checks" [_thread_blocked, id=5844, stack(0x0000000059560000,0x0000000059660000)]
  0x000000005ab8e800 JavaThread "Incoming local TCP Connector on port 50963" [_thread_in_native, id=4328, stack(0x000000005b840000,0x000000005b940000)]
  0x000000005acb0800 JavaThread "Daemon health stats" [_thread_blocked, id=6700, stack(0x000000005b420000,0x000000005b520000)]
  0x0000000057bc4000 JavaThread "Service Thread" daemon [_thread_blocked, id=6668, stack(0x0000000059850000,0x0000000059950000)]
  0x0000000057b54000 JavaThread "C1 CompilerThread3" daemon [_thread_blocked, id=10212, stack(0x0000000059690000,0x0000000059790000)]
  0x0000000057b3b800 JavaThread "C2 CompilerThread2" daemon [_thread_in_native, id=13224, stack(0x0000000059460000,0x0000000059560000)]
=>0x0000000057b34000 JavaThread "C2 CompilerThread1" daemon [_thread_in_native, id=12308, stack(0x0000000058df0000,0x0000000058ef0000)]
  0x0000000057b25000 JavaThread "C2 CompilerThread0" daemon [_thread_in_native, id=12388, stack(0x0000000059300000,0x0000000059400000)]
  0x0000000057b2f000 JavaThread "Attach Listener" daemon [_thread_blocked, id=5440, stack(0x0000000059190000,0x0000000059290000)]
  0x0000000057b0f000 JavaThread "Signal Dispatcher" daemon [_thread_blocked, id=6440, stack(0x0000000058f80000,0x0000000059080000)]
  0x0000000056a5b000 JavaThread "Finalizer" daemon [_thread_blocked, id=6464, stack(0x0000000058ce0000,0x0000000058de0000)]
  0x000000000251f000 JavaThread "Reference Handler" daemon [_thread_blocked, id=5020, stack(0x0000000058b50000,0x0000000058c50000)]
  0x000000000044f000 JavaThread "main" [_thread_blocked, id=7088, stack(0x0000000002690000,0x0000000002790000)]

Other Threads:
  0x000000000251c000 VMThread [stack: 0x0000000058a30000,0x0000000058b30000] [id=12064]
  0x0000000057bd3000 WatcherThread [stack: 0x0000000059a70000,0x0000000059b70000] [id=7136]

VM state:not at safepoint (normal execution)

VM Mutex/Monitor currently owned by a thread: None

Heap:
 PSYoungGen      total 396800K, used 27212K [0x00000000e0000000, 0x0000000100000000, 0x0000000100000000)
  eden space 374784K, 7% used [0x00000000e0000000,0x00000000e1a930f0,0x00000000f6e00000)
  from space 22016K, 0% used [0x00000000f6e00000,0x00000000f6e00000,0x00000000f8380000)
  to   space 27648K, 0% used [0x00000000fe500000,0x00000000fe500000,0x0000000100000000)
 ParOldGen       total 157184K, used 41862K [0x00000000a0000000, 0x00000000a9980000, 0x00000000e0000000)
  object space 157184K, 26% used [0x00000000a0000000,0x00000000a28e1be0,0x00000000a9980000)
 Metaspace       used 57426K, capacity 59440K, committed 59608K, reserved 1099776K
  class space    used 7923K, capacity 8364K, committed 8448K, reserved 1048576K

Card table byte_map: [0x0000000011b50000,0x0000000011e60000] byte_map_base: 0x0000000011650000

Marking Bits: (ParMarkBitMap*) 0x0000000070b1b460
 Begin Bits: [0x0000000012d70000, 0x0000000014570000)
 End Bits:   [0x0000000014570000, 0x0000000015d70000)

Polling page: 0x0000000000150000

CodeCache: size=245760Kb used=23712Kb max_used=23712Kb free=222047Kb
 bounds [0x0000000002790000, 0x0000000003ed0000, 0x0000000011790000]
 total_blobs=7509 nmethods=6754 adapters=668
 compilation: enabled

Compilation events (10 events):
Event: 34.128 Thread 0x0000000057b54000 7389       3       org.codehaus.groovy.runtime.callsite.PogoMetaClassSite::checkCall (29 bytes)
Event: 34.128 Thread 0x0000000057b54000 nmethod 7389 0x0000000003ecaa10 code [0x0000000003ecaba0, 0x0000000003ecb068]
Event: 34.128 Thread 0x0000000057b54000 7390       1       org.gradle.api.internal.artifacts.ivyservice.dynamicversions.DefaultResolvedModuleVersion::getId (5 bytes)
Event: 34.128 Thread 0x0000000057b54000 nmethod 7390 0x0000000003ecb150 code [0x0000000003ecb2a0, 0x0000000003ecb3b0]
Event: 34.131 Thread 0x0000000057b54000 7391       1       java.net.URI::getHost (5 bytes)
Event: 34.131 Thread 0x0000000057b54000 nmethod 7391 0x0000000003ecb410 code [0x0000000003ecb560, 0x0000000003ecb670]
Event: 34.132 Thread 0x0000000057b54000 7392       3       org.gradle.internal.nativeintegration.filesystem.services.GenericFileSystem::stat (11 bytes)
Event: 34.132 Thread 0x0000000057b54000 nmethod 7392 0x0000000003ecb6d0 code [0x0000000003ecb840, 0x0000000003ecba68]
Event: 34.132 Thread 0x0000000057b54000 7393   !   3       org.gradle.internal.nativeintegration.filesystem.jdk7.Jdk7FileMetadataAccessor::stat (71 bytes)
Event: 34.133 Thread 0x0000000057b54000 nmethod 7393 0x0000000003ecbb50 code [0x0000000003ecbde0, 0x0000000003eccd08]

GC Heap History (10 events):
Event: 15.156 GC heap before
{Heap before GC invocations=8 (full 2):
 PSYoungGen      total 238080K, used 7924K [0x00000000e0000000, 0x00000000f0180000, 0x0000000100000000)
  eden space 223744K, 0% used [0x00000000e0000000,0x00000000e0000000,0x00000000eda80000)
  from space 14336K, 55% used [0x00000000ee800000,0x00000000eefbd0d0,0x00000000ef600000)
  to   space 13824K, 0% used [0x00000000eda80000,0x00000000eda80000,0x00000000ee800000)
 ParOldGen       total 81920K, used 9219K [0x00000000a0000000, 0x00000000a5000000, 0x00000000e0000000)
  object space 81920K, 11% used [0x00000000a0000000,0x00000000a0900d10,0x00000000a5000000)
 Metaspace       used 34394K, capacity 35176K, committed 35416K, reserved 1079296K
  class space    used 4723K, capacity 4979K, committed 4992K, reserved 1048576K
Event: 15.224 GC heap after
Heap after GC invocations=8 (full 2):
 PSYoungGen      total 238080K, used 0K [0x00000000e0000000, 0x00000000f0180000, 0x0000000100000000)
  eden space 223744K, 0% used [0x00000000e0000000,0x00000000e0000000,0x00000000eda80000)
  from space 14336K, 0% used [0x00000000ee800000,0x00000000ee800000,0x00000000ef600000)
  to   space 13824K, 0% used [0x00000000eda80000,0x00000000eda80000,0x00000000ee800000)
 ParOldGen       total 107520K, used 14401K [0x00000000a0000000, 0x00000000a6900000, 0x00000000e0000000)
  object space 107520K, 13% used [0x00000000a0000000,0x00000000a0e10480,0x00000000a6900000)
 Metaspace       used 34342K, capacity 35044K, committed 35416K, reserved 1079296K
  class space    used 4709K, capacity 4935K, committed 4992K, reserved 1048576K
}
Event: 26.635 GC heap before
{Heap before GC invocations=9 (full 2):
 PSYoungGen      total 238080K, used 223744K [0x00000000e0000000, 0x00000000f0180000, 0x0000000100000000)
  eden space 223744K, 100% used [0x00000000e0000000,0x00000000eda80000,0x00000000eda80000)
  from space 14336K, 0% used [0x00000000ee800000,0x00000000ee800000,0x00000000ef600000)
  to   space 13824K, 0% used [0x00000000eda80000,0x00000000eda80000,0x00000000ee800000)
 ParOldGen       total 107520K, used 14401K [0x00000000a0000000, 0x00000000a6900000, 0x00000000e0000000)
  object space 107520K, 13% used [0x00000000a0000000,0x00000000a0e10480,0x00000000a6900000)
 Metaspace       used 49717K, capacity 50872K, committed 51160K, reserved 1093632K
  class space    used 6745K, capacity 7130K, committed 7168K, reserved 1048576K
Event: 26.649 GC heap after
Heap after GC invocations=9 (full 2):
 PSYoungGen      total 237568K, used 13796K [0x00000000e0000000, 0x00000000f9900000, 0x0000000100000000)
  eden space 223744K, 0% used [0x00000000e0000000,0x00000000e0000000,0x00000000eda80000)
  from space 13824K, 99% used [0x00000000eda80000,0x00000000ee7f9130,0x00000000ee800000)
  to   space 18432K, 0% used [0x00000000f8700000,0x00000000f8700000,0x00000000f9900000)
 ParOldGen       total 107520K, used 19942K [0x00000000a0000000, 0x00000000a6900000, 0x00000000e0000000)
  object space 107520K, 18% used [0x00000000a0000000,0x00000000a13799a0,0x00000000a6900000)
 Metaspace       used 49717K, capacity 50872K, committed 51160K, reserved 1093632K
  class space    used 6745K, capacity 7130K, committed 7168K, reserved 1048576K
}
Event: 32.735 GC heap before
{Heap before GC invocations=10 (full 2):
 PSYoungGen      total 237568K, used 237540K [0x00000000e0000000, 0x00000000f9900000, 0x0000000100000000)
  eden space 223744K, 100% used [0x00000000e0000000,0x00000000eda80000,0x00000000eda80000)
  from space 13824K, 99% used [0x00000000eda80000,0x00000000ee7f9130,0x00000000ee800000)
  to   space 18432K, 0% used [0x00000000f8700000,0x00000000f8700000,0x00000000f9900000)
 ParOldGen       total 107520K, used 19942K [0x00000000a0000000, 0x00000000a6900000, 0x00000000e0000000)
  object space 107520K, 18% used [0x00000000a0000000,0x00000000a13799a0,0x00000000a6900000)
 Metaspace       used 54244K, capacity 55894K, committed 56024K, reserved 1097728K
  class space    used 7373K, capacity 7811K, committed 7936K, reserved 1048576K
Event: 32.750 GC heap after
Heap after GC invocations=10 (full 2):
 PSYoungGen      total 388608K, used 18426K [0x00000000e0000000, 0x00000000f9900000, 0x0000000100000000)
  eden space 370176K, 0% used [0x00000000e0000000,0x00000000e0000000,0x00000000f6980000)
  from space 18432K, 99% used [0x00000000f8700000,0x00000000f98fea78,0x00000000f9900000)
  to   space 22016K, 0% used [0x00000000f6e00000,0x00000000f6e00000,0x00000000f8380000)
 ParOldGen       total 107520K, used 23279K [0x00000000a0000000, 0x00000000a6900000, 0x00000000e0000000)
  object space 107520K, 21% used [0x00000000a0000000,0x00000000a16bbda8,0x00000000a6900000)
 Metaspace       used 54244K, capacity 55894K, committed 56024K, reserved 1097728K
  class space    used 7373K, capacity 7811K, committed 7936K, reserved 1048576K
}
Event: 33.755 GC heap before
{Heap before GC invocations=11 (full 2):
 PSYoungGen      total 388608K, used 165248K [0x00000000e0000000, 0x00000000f9900000, 0x0000000100000000)
  eden space 370176K, 39% used [0x00000000e0000000,0x00000000e8f615d0,0x00000000f6980000)
  from space 18432K, 99% used [0x00000000f8700000,0x00000000f98fea78,0x00000000f9900000)
  to   space 22016K, 0% used [0x00000000f6e00000,0x00000000f6e00000,0x00000000f8380000)
 ParOldGen       total 107520K, used 23279K [0x00000000a0000000, 0x00000000a6900000, 0x00000000e0000000)
  object space 107520K, 21% used [0x00000000a0000000,0x00000000a16bbda8,0x00000000a6900000)
 Metaspace       used 57043K, capacity 58930K, committed 58968K, reserved 1099776K
  class space    used 7839K, capacity 8284K, committed 8320K, reserved 1048576K
Event: 33.790 GC heap after
Heap after GC invocations=11 (full 2):
 PSYoungGen      total 396800K, used 22006K [0x00000000e0000000, 0x0000000100000000, 0x0000000100000000)
  eden space 374784K, 0% used [0x00000000e0000000,0x00000000e0000000,0x00000000f6e00000)
  from space 22016K, 99% used [0x00000000f6e00000,0x00000000f837d9d0,0x00000000f8380000)
  to   space 27648K, 0% used [0x00000000fe500000,0x00000000fe500000,0x0000000100000000)
 ParOldGen       total 107520K, used 29401K [0x00000000a0000000, 0x00000000a6900000, 0x00000000e0000000)
  object space 107520K, 27% used [0x00000000a0000000,0x00000000a1cb67a8,0x00000000a6900000)
 Metaspace       used 57043K, capacity 58930K, committed 58968K, reserved 1099776K
  class space    used 7839K, capacity 8284K, committed 8320K, reserved 1048576K
}
Event: 33.790 GC heap before
{Heap before GC invocations=12 (full 3):
 PSYoungGen      total 396800K, used 22006K [0x00000000e0000000, 0x0000000100000000, 0x0000000100000000)
  eden space 374784K, 0% used [0x00000000e0000000,0x00000000e0000000,0x00000000f6e00000)
  from space 22016K, 99% used [0x00000000f6e00000,0x00000000f837d9d0,0x00000000f8380000)
  to   space 27648K, 0% used [0x00000000fe500000,0x00000000fe500000,0x0000000100000000)
 ParOldGen       total 107520K, used 29401K [0x00000000a0000000, 0x00000000a6900000, 0x00000000e0000000)
  object space 107520K, 27% used [0x00000000a0000000,0x00000000a1cb67a8,0x00000000a6900000)
 Metaspace       used 57043K, capacity 58930K, committed 58968K, reserved 1099776K
  class space    used 7839K, capacity 8284K, committed 8320K, reserved 1048576K
Event: 34.020 GC heap after
Heap after GC invocations=12 (full 3):
 PSYoungGen      total 396800K, used 0K [0x00000000e0000000, 0x0000000100000000, 0x0000000100000000)
  eden space 374784K, 0% used [0x00000000e0000000,0x00000000e0000000,0x00000000f6e00000)
  from space 22016K, 0% used [0x00000000f6e00000,0x00000000f6e00000,0x00000000f8380000)
  to   space 27648K, 0% used [0x00000000fe500000,0x00000000fe500000,0x0000000100000000)
 ParOldGen       total 157184K, used 41862K [0x00000000a0000000, 0x00000000a9980000, 0x00000000e0000000)
  object space 157184K, 26% used [0x00000000a0000000,0x00000000a28e1be0,0x00000000a9980000)
 Metaspace       used 57043K, capacity 58930K, committed 58968K, reserved 1099776K
  class space    used 7839K, capacity 8284K, committed 8320K, reserved 1048576K
}

Deoptimization events (10 events):
Event: 32.982 Thread 0x000000005a9d3800 Uncommon trap: reason=unreached action=reinterpret pc=0x00000000038184a0 method=groovy.lang.MetaClassImpl.filterPropertyMethod(Ljava/lang/Object;ZZ)Ljava/lang/Object; @ 187
Event: 33.259 Thread 0x000000005a9d3800 Uncommon trap: reason=class_check action=maybe_recompile pc=0x0000000003d55f04 method=groovy.lang.MetaMethod.isStatic()Z @ 1
Event: 33.259 Thread 0x000000005a9d3800 Uncommon trap: reason=class_check action=maybe_recompile pc=0x0000000003d55f04 method=groovy.lang.MetaMethod.isStatic()Z @ 1
Event: 33.259 Thread 0x000000005a9d3800 Uncommon trap: reason=class_check action=maybe_recompile pc=0x0000000003d55f04 method=groovy.lang.MetaMethod.isStatic()Z @ 1
Event: 33.259 Thread 0x000000005a9d3800 Uncommon trap: reason=class_check action=maybe_recompile pc=0x0000000003d55f04 method=groovy.lang.MetaMethod.isStatic()Z @ 1
Event: 33.501 Thread 0x000000005a9d3800 Uncommon trap: reason=array_check action=maybe_recompile pc=0x0000000003deec58 method=java.util.AbstractCollection.toArray([Ljava/lang/Object;)[Ljava/lang/Object; @ 119
Event: 33.501 Thread 0x000000005a9d3800 Uncommon trap: reason=array_check action=maybe_recompile pc=0x0000000003deec58 method=java.util.AbstractCollection.toArray([Ljava/lang/Object;)[Ljava/lang/Object; @ 119
Event: 33.502 Thread 0x000000005a9d3800 Uncommon trap: reason=array_check action=maybe_recompile pc=0x0000000003deec58 method=java.util.AbstractCollection.toArray([Ljava/lang/Object;)[Ljava/lang/Object; @ 119
Event: 33.503 Thread 0x000000005a9d3800 Uncommon trap: reason=array_check action=maybe_recompile pc=0x0000000003deec58 method=java.util.AbstractCollection.toArray([Ljava/lang/Object;)[Ljava/lang/Object; @ 119
Event: 33.754 Thread 0x000000005a9d3800 Uncommon trap: reason=unreached action=reinterpret pc=0x0000000003df9e74 method=org.codehaus.groovy.reflection.CachedClass.isAssignableFrom(Ljava/lang/Class;)Z @ 1

Internal exceptions (10 events):
Event: 34.129 Thread 0x000000005a9d3800 Exception <a 'java/security/PrivilegedActionException'> (0x00000000e13ec608) thrown at [D:\re\workspace\8-2-build-windows-amd64-cygwin\jdk8u20\1074\hotspot\src\share\vm\prims\jvm.cpp, line 1275]
Event: 34.129 Thread 0x000000005a9d3800 Exception <a 'java/lang/ClassNotFoundException': org/gradle/api/internal/artifacts/query/DefaultArtifactResolutionQueryBeanInfo> (0x00000000e13ecec8) thrown at [D:\re\workspace\8-2-build-windows-amd64-cygwin\jdk8u20\1074\hotspot\src\share\vm\classfile\syst4ùãA@
Event: 34.129 Thread 0x000000005a9d3800 Exception <a 'java/security/PrivilegedActionException'> (0x00000000e13ee9d8) thrown at [D:\re\workspace\8-2-build-windows-amd64-cygwin\jdk8u20\1074\hotspot\src\share\vm\prims\jvm.cpp, line 1275]
Event: 34.129 Thread 0x000000005a9d3800 Exception <a 'java/security/PrivilegedActionException'> (0x00000000e13f0000) thrown at [D:\re\workspace\8-2-build-windows-amd64-cygwin\jdk8u20\1074\hotspot\src\share\vm\prims\jvm.cpp, line 1275]
Event: 34.129 Thread 0x000000005a9d3800 Exception <a 'java/security/PrivilegedActionException'> (0x00000000e13f94e0) thrown at [D:\re\workspace\8-2-build-windows-amd64-cygwin\jdk8u20\1074\hotspot\src\share\vm\prims\jvm.cpp, line 1275]
Event: 34.129 Thread 0x000000005a9d3800 Exception <a 'java/security/PrivilegedActionException'> (0x00000000e140c7f0) thrown at [D:\re\workspace\8-2-build-windows-amd64-cygwin\jdk8u20\1074\hotspot\src\share\vm\prims\jvm.cpp, line 1275]
Event: 34.129 Thread 0x000000005a9d3800 Exception <a 'java/security/PrivilegedActionException'> (0x00000000e140dfd0) thrown at [D:\re\workspace\8-2-build-windows-amd64-cygwin\jdk8u20\1074\hotspot\src\share\vm\prims\jvm.cpp, line 1275]
Event: 34.129 Thread 0x000000005a9d3800 Exception <a 'java/security/PrivilegedActionException'> (0x00000000e140f5f8) thrown at [D:\re\workspace\8-2-build-windows-amd64-cygwin\jdk8u20\1074\hotspot\src\share\vm\prims\jvm.cpp, line 1275]
Event: 34.130 Thread 0x000000005a9d3800 Exception <a 'java/security/PrivilegedActionException'> (0x00000000e1418ad8) thrown at [D:\re\workspace\8-2-build-windows-amd64-cygwin\jdk8u20\1074\hotspot\src\share\vm\prims\jvm.cpp, line 1275]
Event: 34.130 Thread 0x000000005a9d3800 Exception <a 'java/lang/ClassNotFoundException': org/gradle/api/internal/artifacts/query/DefaultArtifactResolutionQueryCustomizer> (0x00000000e1419398) thrown at [D:\re\workspace\8-2-build-windows-amd64-cygwin\jdk8u20\1074\hotspot\src\share\vm\classfile\sy£âáàA@

Events (10 events):
Event: 34.129 loading class org/gradle/api/internal/artifacts/query/DefaultArtifactResolutionQueryBeanInfo
Event: 34.129 loading class org/gradle/api/internal/artifacts/query/DefaultArtifactResolutionQueryBeanInfo done
Event: 34.129 loading class org/gradle/api/internal/artifacts/query/DefaultArtifactResolutionQueryBeanInfo
Event: 34.129 loading class org/gradle/api/internal/artifacts/query/DefaultArtifactResolutionQueryBeanInfo done
Event: 34.129 loading class org/gradle/api/internal/artifacts/query/DefaultArtifactResolutionQueryCustomizer
Event: 34.129 loading class org/gradle/api/internal/artifacts/query/DefaultArtifactResolutionQueryCustomizer done
Event: 34.129 loading class org/gradle/api/internal/artifacts/query/DefaultArtifactResolutionQueryCustomizer
Event: 34.129 loading class org/gradle/api/internal/artifacts/query/DefaultArtifactResolutionQueryCustomizer done
Event: 34.130 loading class org/gradle/api/internal/artifacts/query/DefaultArtifactResolutionQueryCustomizer
Event: 34.130 loading class org/gradle/api/internal/artifacts/query/DefaultArtifactResolutionQueryCustomizer done


Dynamic libraries:
0x000000013fc70000 - 0x000000013fca4000 	C:\Program Files\Java\jdk1.8.0_20\bin\java.exe
0x0000000077b40000 - 0x0000000077cea000 	C:\Windows\SYSTEM32\ntdll.dll
0x0000000077440000 - 0x000000007755f000 	C:\Windows\system32\kernel32.dll
0x000007fefe310000 - 0x000007fefe37a000 	C:\Windows\system32\KERNELBASE.dll
0x000007fefe730000 - 0x000007fefe80b000 	C:\Windows\system32\ADVAPI32.dll
0x000007feff600000 - 0x000007feff69f000 	C:\Windows\system32\msvcrt.dll
0x000007feffa30000 - 0x000007feffa4f000 	C:\Windows\SYSTEM32\sechost.dll
0x000007feffc60000 - 0x000007feffd8d000 	C:\Windows\system32\RPCRT4.dll
0x0000000077a40000 - 0x0000000077b3a000 	C:\Windows\system32\USER32.dll
0x000007feff9c0000 - 0x000007feffa27000 	C:\Windows\system32\GDI32.dll
0x000007feffe40000 - 0x000007feffe4e000 	C:\Windows\system32\LPK.dll
0x000007feffaf0000 - 0x000007feffbbb000 	C:\Windows\system32\USP10.dll
0x000007fefcc00000 - 0x000007fefcdf4000 	C:\Windows\WinSxS\amd64_microsoft.windows.common-controls_6595b64144ccf1df_6.0.7601.17514_none_fa396087175ac9ac\COMCTL32.dll
0x000007feffa70000 - 0x000007feffae1000 	C:\Windows\system32\SHLWAPI.dll
0x000007feffd90000 - 0x000007feffdbe000 	C:\Windows\system32\IMM32.DLL
0x000007feff6b0000 - 0x000007feff7b9000 	C:\Windows\system32\MSCTF.dll
0x0000000065360000 - 0x0000000065432000 	C:\Program Files\Java\jdk1.8.0_20\jre\bin\msvcr100.dll
0x0000000070340000 - 0x0000000070b98000 	C:\Program Files\Java\jdk1.8.0_20\jre\bin\server\jvm.dll
0x000007fefb2f0000 - 0x000007fefb2f9000 	C:\Windows\system32\WSOCK32.dll
0x000007fefe380000 - 0x000007fefe3cd000 	C:\Windows\system32\WS2_32.dll
0x000007feff6a0000 - 0x000007feff6a8000 	C:\Windows\system32\NSI.dll
0x000007fefbbe0000 - 0x000007fefbc1b000 	C:\Windows\system32\WINMM.dll
0x0000000077d00000 - 0x0000000077d07000 	C:\Windows\system32\PSAPI.DLL
0x0000000000140000 - 0x000000000014f000 	C:\Program Files\Java\jdk1.8.0_20\jre\bin\verify.dll
0x0000000000370000 - 0x0000000000398000 	C:\Program Files\Java\jdk1.8.0_20\jre\bin\java.dll
0x00000000003b0000 - 0x00000000003c6000 	C:\Program Files\Java\jdk1.8.0_20\jre\bin\zip.dll
0x000007fefe870000 - 0x000007feff5fa000 	C:\Windows\system32\SHELL32.dll
0x000007feff7c0000 - 0x000007feff9bc000 	C:\Windows\system32\ole32.dll
0x000007fefdfb0000 - 0x000007fefdfbf000 	C:\Windows\system32\profapi.dll
0x0000000000400000 - 0x000000000041a000 	C:\Program Files\Java\jdk1.8.0_20\jre\bin\net.dll
0x000007fefd7d0000 - 0x000007fefd825000 	C:\Windows\system32\mswsock.dll
0x000007fefd7c0000 - 0x000007fefd7c7000 	C:\Windows\System32\wship6.dll
0x000000006ffa0000 - 0x000000006ffb1000 	C:\Program Files\Java\jdk1.8.0_20\jre\bin\nio.dll
0x000007fef80d0000 - 0x000007fef80ee000 	C:\Users\junming.liang\.gradle\native\25\windows-amd64\native-platform.dll
0x0000000071060000 - 0x000000007106d000 	C:\Program Files\Java\jdk1.8.0_20\jre\bin\management.dll
0x000007fefd830000 - 0x000007fefd848000 	C:\Windows\system32\CRYPTSP.dll
0x000007fefd530000 - 0x000007fefd577000 	C:\Windows\system32\rsaenh.dll
0x000007fefd2e0000 - 0x000007fefd2fe000 	C:\Windows\system32\USERENV.dll
0x000007fefde40000 - 0x000007fefde4f000 	C:\Windows\system32\CRYPTBASE.dll
0x000007fefb380000 - 0x000007fefb3a7000 	C:\Windows\system32\IPHLPAPI.DLL
0x000007fefb370000 - 0x000007fefb37b000 	C:\Windows\system32\WINNSI.DLL
0x000007fefaeb0000 - 0x000007fefaec1000 	C:\Windows\system32\dhcpcsvc6.DLL
0x000007fefaed0000 - 0x000007fefaee8000 	C:\Windows\system32\dhcpcsvc.DLL

VM Arguments:
jvm_args: -Xmx1536m -Dfile.encoding=GBK -Duser.country=CN -Duser.language=zh -Duser.variant 
java_command: org.gradle.launcher.daemon.bootstrap.GradleDaemon 4.1
java_class_path (initial): C:\Users\junming.liang\.gradle\wrapper\dists\gradle-4.1-all\bzyivzo6n839fup2jbap0tjew\gradle-4.1\lib\gradle-launcher-4.1.jar
Launcher Type: SUN_STANDARD

Environment Variables:
JAVA_HOME=C:\Program Files\Java\jdk1.7.0_60
CLASSPATH=C:\Program Files\Java\jdk1.8.0_20\lib
PATH=C:\ProgramData\Oracle\Java\javapath;C:\Windows\system32;C:\Windows;C:\Windows\System32\Wbem;C:\Windows\System32\WindowsPowerShell\v1.0\;C:\Program Files\Java\jdk1.8.0_20\bin;E:\sdk\platform-tools;E:\sdk\tools;C:\Program Files\Git\bin;C:\Program Files\nodejs\;E:\sdk\platform-tools;E:\sdk\tools;D:\Ruby23-x64\bin;C:\Program Files (x86)\IDM Computer Solutions\UltraEdit\;C:\Users\junming.liang\AppData\Roaming\npm;E:\sdk\platform-tools;E:\sdk\tools
USERNAME=junming.liang
OS=Windows_NT
PROCESSOR_IDENTIFIER=Intel64 Family 6 Model 60 Stepping 3, GenuineIntel



---------------  S Y S T E M  ---------------

OS: Windows 7 , 64 bit Build 7601 Service Pack 1

CPU:total 8 (4 cores per cpu, 2 threads per core) family 6 model 60 stepping 3, cmov, cx8, fxsr, mmx, sse, sse2, sse3, ssse3, sse4.1, sse4.2, popcnt, avx, avx2, aes, clmul, erms, lzcnt, ht, tsc, tscinvbit, bmi1, bmi2

Memory: 4k page, physical 16683152k(560796k free), swap 16681292k(3756k free)

vm_info: Java HotSpot(TM) 64-Bit Server VM (25.20-b23) for windows-amd64 JRE (1.8.0_20-b26), built on Jul 30 2014 13:51:23 by "java_re" with MS VC++ 10.0 (VS2010)

time: Wed Nov 01 09:39:50 2017
elapsed time: 34 seconds (0d 0h 0m 34s)

