JvmtiExport can_access_local_variables 0
JvmtiExport can_hotswap_or_post_breakpoint 0
JvmtiExport can_post_on_exceptions 0
# 652 ciObject found
instanceKlass org/gradle/api/internal/artifacts/result/DefaultComponentArtifactsResult
instanceKlass org/jetbrains/plugins/gradle/tooling/util/ModuleComponentIdentifierImpl
instanceKlass org/gradle/api/internal/artifacts/ivyservice/dynamicversions/DefaultResolvedModuleVersion
instanceKlass com/google/common/collect/Multiset
instanceKlass org/gradle/api/internal/artifacts/ivyservice/DefaultLenientConfiguration$LenientArtifactCollectingVisitor
instanceKlass org/gradle/api/artifacts/UnresolvedDependency
instanceKlass org/gradle/api/internal/artifacts/ivyservice/ErrorHandlingConfigurationResolver$1
instanceKlass org/gradle/api/internal/artifacts/ivyservice/ErrorHandlingConfigurationResolver$ErrorHandlingLenientConfiguration
instanceKlass groovy/lang/PropertyValue
instanceKlass sun/reflect/generics/tree/ShortSignature
instanceKlass sun/reflect/generics/tree/CharSignature
instanceKlass sun/reflect/generics/tree/LongSignature
instanceKlass sun/reflect/generics/tree/FloatSignature
instanceKlass sun/reflect/generics/tree/DoubleSignature
instanceKlass com/google/common/collect/AbstractMultimap
instanceKlass com/google/common/collect/ListMultimap
instanceKlass com/google/common/collect/Multimap
instanceKlass org/jetbrains/plugins/gradle/model/ExternalLibraryDependency
instanceKlass org/jetbrains/plugins/gradle/tooling/util/DependencyResolverImpl
instanceKlass org/jetbrains/plugins/gradle/tooling/util/DependencyResolver
instanceKlass org/jetbrains/plugins/gradle/tooling/internal/BuildScriptClasspathModelImpl
instanceKlass org/jetbrains/plugins/gradle/model/ExtIdeaContentRoot
instanceKlass org/jetbrains/plugins/gradle/tooling/internal/IdeaContentRootImpl
instanceKlass org/jetbrains/plugins/gradle/model/ExtIdeaContentRoot
instanceKlass org/gradle/tooling/model/idea/IdeaContentRoot
instanceKlass org/jetbrains/plugins/gradle/tooling/internal/IdeaCompilerOutputImpl
instanceKlass org/jetbrains/plugins/gradle/tooling/internal/ModuleExtendedModelImpl
instanceKlass org/gradle/tooling/internal/gradle/DefaultGradleBuild
instanceKlass org/jetbrains/plugins/gradle/ExternalDependencyId
instanceKlass org/jetbrains/plugins/gradle/model/ExternalFilter
instanceKlass org/jetbrains/plugins/gradle/model/ExternalSourceDirectorySet
instanceKlass com/intellij/openapi/externalSystem/model/project/IExternalSystemSourceType
instanceKlass org/jetbrains/plugins/gradle/model/ExternalSourceSet
instanceKlass org/jetbrains/plugins/gradle/model/ExternalPlugin
instanceKlass org/gradle/api/artifacts/ExcludeRule
instanceKlass org/jetbrains/plugins/gradle/model/DefaultExternalPlugin
instanceKlass java/lang/invoke/SerializedLambda
instanceKlass org/gradle/api/internal/tasks/testing/WorkerTestClassProcessorFactory
instanceKlass org/gradle/api/internal/tasks/testing/detection/TestFrameworkDetector
instanceKlass org/gradle/api/artifacts/result/ResolvedVariantResult
instanceKlass com/android/manifmerger/ManifestProvider
instanceKlass android/databinding/tool/LayoutXmlProcessor
instanceKlass org/gradle/api/file/FileCopyDetails
instanceKlass groovy/util/Node
instanceKlass org/gradle/api/artifacts/result/DependencyResult
instanceKlass org/jetbrains/plugins/gradle/model/DefaultExternalTask
instanceKlass org/gradle/plugins/ide/idea/model/Dependency
instanceKlass org/gradle/api/tasks/SourceSetOutput
instanceKlass org/codehaus/groovy/runtime/metaclass/ClosureMetaClass$6
instanceKlass org/jetbrains/plugins/gradle/model/ExternalTask
instanceKlass org/jetbrains/plugins/gradle/model/GradleConfiguration
instanceKlass org/jetbrains/plugins/gradle/model/GradleExtension
instanceKlass org/jetbrains/plugins/gradle/model/GradleProperty
instanceKlass org/jetbrains/plugins/gradle/model/DefaultGradleProperty
instanceKlass org/jetbrains/plugins/gradle/model/GradleExtension
instanceKlass org/jetbrains/plugins/gradle/model/GradleProperty
instanceKlass org/codehaus/groovy/runtime/typehandling/NumberMathModificationInfo
instanceKlass org/codehaus/groovy/runtime/metaclass/ClosureMetaClass$4
instanceKlass org/jetbrains/plugins/gradle/model/DefaultGradleConfiguration
instanceKlass org/jetbrains/plugins/gradle/model/GradleConfiguration
instanceKlass org/jetbrains/plugins/gradle/model/DefaultGradleExtensions
instanceKlass org/jetbrains/kotlin/android/synthetic/idea/AndroidExtensionsGradleModelImpl
instanceKlass org/gradle/tooling/model/internal/Exceptions
instanceKlass org/jetbrains/kotlin/gradle/ArgsInfo
instanceKlass org/jetbrains/kotlin/gradle/KotlinGradleModelImpl
instanceKlass kotlin/collections/EmptySet
instanceKlass kotlin/jvm/internal/markers/KMappedMarker
instanceKlass org/gradle/api/internal/project/DefaultProject$2
instanceKlass org/jetbrains/plugins/gradle/tooling/util/VersionMatcher
instanceKlass org/jetbrains/plugins/gradle/tooling/annotation/TargetVersions
instanceKlass org/gradle/tooling/model/build/GradleEnvironment
instanceKlass org/gradle/tooling/model/build/JavaEnvironment
instanceKlass org/gradle/tooling/model/build/JavaEnvironment
instanceKlass org/gradle/tooling/model/build/GradleEnvironment
instanceKlass org/gradle/tooling/internal/build/DefaultBuildEnvironment
instanceKlass org/gradle/process/internal/CurrentProcess
instanceKlass org/gradle/tooling/internal/adapter/ProtocolToModelAdapter$BeanMixInMethodInvoker
instanceKlass com/google/common/base/Preconditions
instanceKlass com/google/common/base/Optional
instanceKlass org/gradle/tooling/internal/adapter/ProtocolToModelAdapter$MethodInvocationCache$MethodInvocationKey
instanceKlass org/gradle/tooling/internal/adapter/MethodInvocation
instanceKlass org/gradle/tooling/internal/adapter/ProtocolToModelAdapter$AdaptingMethodInvoker
instanceKlass org/gradle/tooling/internal/adapter/ProtocolToModelAdapter$PropertyCachingMethodInvoker
instanceKlass org/gradle/tooling/internal/adapter/ProtocolToModelAdapter$SafeMethodInvoker
instanceKlass org/gradle/tooling/internal/adapter/ProtocolToModelAdapter$SupportedPropertyInvoker
instanceKlass org/gradle/tooling/internal/adapter/ProtocolToModelAdapter$ChainedMethodInvoker
instanceKlass org/gradle/tooling/internal/adapter/ProtocolToModelAdapter$ClassMixInMethodInvoker
instanceKlass org/gradle/tooling/internal/adapter/ProtocolToModelAdapter$InvocationHandlerImpl
instanceKlass org/gradle/tooling/internal/adapter/ProtocolToModelAdapter$ViewKey
instanceKlass org/gradle/tooling/model/idea/IdeaSourceDirectory
instanceKlass org/gradle/tooling/model/SourceDirectory
instanceKlass org/gradle/tooling/model/idea/IdeaContentRoot
instanceKlass org/gradle/tooling/model/idea/IdeaDependencyScope
instanceKlass org/gradle/tooling/model/java/InstalledJdk
instanceKlass org/gradle/tooling/model/idea/IdeaCompilerOutput
instanceKlass org/gradle/tooling/model/gradle/GradleScript
instanceKlass org/gradle/tooling/model/BuildIdentifier
instanceKlass org/gradle/tooling/model/ProjectIdentifier
instanceKlass org/gradle/tooling/model/idea/IdeaLanguageLevel
instanceKlass org/gradle/tooling/model/idea/IdeaJavaLanguageSettings
instanceKlass org/gradle/tooling/internal/adapter/ProtocolToModelAdapter$MixInMappingAction
instanceKlass org/gradle/tooling/internal/consumer/converters/IncludedBuildsMixin
instanceKlass org/gradle/tooling/internal/consumer/converters/IdeaModuleDependencyTargetNameMixin
instanceKlass org/gradle/tooling/internal/consumer/converters/IdeaProjectJavaLanguageSettingsMixin
instanceKlass org/gradle/tooling/internal/consumer/converters/TaskDisplayNameMixin
instanceKlass org/gradle/tooling/model/GradleTask
instanceKlass org/gradle/tooling/model/Task
instanceKlass org/gradle/tooling/model/Launchable
instanceKlass org/gradle/tooling/internal/consumer/converters/FixedBuildIdentifierProvider
instanceKlass org/gradle/tooling/internal/consumer/converters/BasicGradleProjectIdentifierMixin
instanceKlass org/gradle/tooling/model/gradle/BasicGradleProject
instanceKlass org/gradle/tooling/internal/adapter/ProtocolToModelAdapter$TypeSpecificMappingAction
instanceKlass org/gradle/tooling/internal/consumer/converters/GradleProjectIdentifierMixin
instanceKlass org/gradle/tooling/internal/gradle/DefaultBuildIdentifier
instanceKlass org/gradle/tooling/internal/gradle/DefaultProjectIdentifier
instanceKlass org/gradle/tooling/internal/gradle/GradleProjectIdentity
instanceKlass org/gradle/tooling/internal/gradle/GradleBuildIdentity
instanceKlass org/gradle/tooling/internal/adapter/ProtocolToModelAdapter$DefaultViewBuilder
instanceKlass org/gradle/tooling/internal/provider/connection/ProviderBuildResult
instanceKlass com/google/common/collect/LinkedHashMultimap$1
instanceKlass org/gradle/api/internal/artifacts/result/DefaultArtifactResolutionResult
instanceKlass org/gradle/api/artifacts/result/ArtifactResolutionResult
instanceKlass org/gradle/api/internal/artifacts/query/DefaultArtifactResolutionQuery$1
instanceKlass org/gradle/api/internal/artifacts/configurations/DetachedConfigurationsProvider
instanceKlass com/google/common/collect/AbstractMapBasedMultimap$KeySet$1
instanceKlass org/gradle/api/artifacts/result/ComponentArtifactsResult
instanceKlass org/gradle/api/artifacts/result/ComponentResult
instanceKlass org/gradle/api/internal/artifacts/query/DefaultArtifactResolutionQuery
instanceKlass org/gradle/plugins/ide/idea/model/internal/IdeaDependenciesProvider$1
instanceKlass org/gradle/plugins/ide/internal/resolver/UnresolvedDependenciesLogger
instanceKlass org/gradle/plugins/ide/idea/model/internal/ModuleDependencyBuilder
instanceKlass org/gradle/plugins/ide/internal/resolver/DefaultIdeDependencyResolver
instanceKlass org/gradle/plugins/ide/internal/resolver/IdeDependencyResolver
instanceKlass org/gradle/plugins/ide/internal/IdeDependenciesExtractor
instanceKlass org/gradle/plugins/ide/idea/model/internal/IdeaDependenciesProvider
instanceKlass org/gradle/plugins/ide/internal/tooling/idea/DefaultIdeaCompilerOutput
instanceKlass org/gradle/plugins/ide/internal/tooling/idea/DefaultIdeaModule
instanceKlass org/gradle/plugins/ide/internal/tooling/idea/DefaultIdeaContentRoot
instanceKlass org/gradle/plugins/ide/idea/IdeaPlugin$7$2
instanceKlass org/gradle/plugins/ide/idea/IdeaPlugin$7$1
instanceKlass org/gradle/plugins/ide/internal/tooling/java/DefaultInstalledJdk
instanceKlass org/gradle/plugins/ide/internal/tooling/idea/DefaultIdeaJavaLanguageSettings
instanceKlass org/gradle/plugins/ide/internal/tooling/idea/DefaultIdeaLanguageLevel
instanceKlass org/gradle/plugins/ide/internal/tooling/idea/DefaultIdeaProject
instanceKlass org/gradle/util/DistributionLocator
instanceKlass org/gradle/buildinit/tasks/internal/TaskConfiguration$3
instanceKlass org/gradle/api/internal/AbstractTask$5
instanceKlass org/gradle/buildinit/tasks/internal/TaskConfiguration$2
instanceKlass org/gradle/buildinit/tasks/internal/TaskConfiguration$1
instanceKlass org/gradle/api/tasks/diagnostics/internal/TaskReportModel
instanceKlass org/gradle/internal/graph/GraphRenderer
instanceKlass org/gradle/api/plugins/HelpTasksPlugin$Rules$1
instanceKlass org/gradle/language/base/plugins/LifecycleBasePlugin$1$1
instanceKlass org/gradle/api/tasks/diagnostics/BuildEnvironmentReportTask$1
instanceKlass org/gradle/api/tasks/diagnostics/internal/graph/NodeRenderer
instanceKlass org/gradle/api/tasks/diagnostics/internal/graph/nodes/RenderableDependency
instanceKlass org/gradle/api/tasks/diagnostics/internal/DependencyReportRenderer
instanceKlass org/gradle/api/internal/tasks/PublicTaskSpecification
instanceKlass org/gradle/plugins/ide/internal/tooling/ToolingModelBuilderSupport
instanceKlass org/gradle/tooling/internal/gradle/DefaultBuildIdentifier
instanceKlass org/gradle/tooling/internal/gradle/DefaultProjectIdentifier
instanceKlass org/gradle/tooling/internal/gradle/DefaultGradleScript
instanceKlass org/gradle/tooling/model/gradle/GradleScript
instanceKlass org/gradle/tooling/internal/gradle/DefaultGradleProject
instanceKlass org/gradle/plugins/ide/idea/IdeaPlugin$20
instanceKlass org/gradle/internal/component/local/model/PublishArtifactLocalArtifactMetadata
instanceKlass org/gradle/plugins/ide/idea/internal/IdeaScalaConfigurer
instanceKlass org/gradle/plugins/ide/idea/IdeaPlugin$19
instanceKlass org/gradle/language/scala/plugins/ScalaLanguagePlugin
instanceKlass org/gradle/plugins/ide/idea/IdeaPlugin$18
instanceKlass org/gradle/api/plugins/scala/ScalaBasePlugin
instanceKlass org/gradle/plugins/ide/idea/IdeaPlugin$15
instanceKlass org/gradle/api/plugins/WarPlugin
instanceKlass org/gradle/plugins/ide/idea/IdeaPlugin$14
instanceKlass org/gradle/plugins/ide/idea/IdeaPlugin$13
instanceKlass org/gradle/plugins/ide/idea/IdeaPlugin$12
instanceKlass org/gradle/plugins/ide/idea/IdeaPlugin$11
instanceKlass org/gradle/plugins/ide/idea/IdeaPlugin$10
instanceKlass org/gradle/plugins/ide/idea/IdeaPlugin$9
instanceKlass org/gradle/plugins/ide/internal/configurer/HierarchicalElementDeduplicator$StatefulDeduplicator$1
instanceKlass org/gradle/plugins/ide/internal/configurer/HierarchicalElementDeduplicator$StatefulDeduplicator
instanceKlass org/gradle/plugins/ide/internal/configurer/DefaultUniqueProjectNameProvider$ProjectPathDeduplicationAdapter
instanceKlass org/gradle/plugins/ide/internal/configurer/HierarchicalElementDeduplicator
instanceKlass org/gradle/language/scala/ScalaPlatform
instanceKlass org/gradle/plugins/ide/idea/model/Path
instanceKlass org/gradle/plugins/ide/idea/IdeaPlugin$8
instanceKlass org/gradle/plugins/ide/idea/IdeaPlugin$7
instanceKlass org/gradle/plugins/ide/idea/IdeaPlugin$6
instanceKlass org/gradle/plugins/ide/idea/IdeaPlugin$5
instanceKlass org/gradle/plugins/ide/idea/IdeaPlugin$4
instanceKlass org/gradle/plugins/ide/idea/model/IdeaLanguageLevel
instanceKlass org/gradle/plugins/ide/idea/model/PathFactory
instanceKlass org/gradle/plugins/ide/api/FileContentMerger
instanceKlass org/gradle/plugins/ide/internal/generator/generator/PersistableConfigurationObjectGenerator
instanceKlass org/gradle/internal/xml/XmlTransformer
instanceKlass org/gradle/plugins/ide/internal/generator/AbstractPersistableConfigurationObject
instanceKlass org/gradle/plugins/ide/internal/generator/generator/PersistableConfigurationObject
instanceKlass org/gradle/plugins/ide/internal/generator/generator/Generator
instanceKlass org/gradle/plugins/ide/idea/model/IdeaProject
instanceKlass org/gradle/plugins/ide/idea/model/IdeaWorkspace
instanceKlass org/gradle/plugins/ide/idea/model/IdeaModule
instanceKlass org/gradle/plugins/ide/idea/model/IdeaModel
instanceKlass org/gradle/plugins/ide/idea/IdeaPlugin$3
instanceKlass org/gradle/plugins/ide/idea/IdeaPlugin$2
instanceKlass org/gradle/plugins/ide/idea/IdeaPlugin$1
instanceKlass org/gradle/plugins/ide/internal/configurer/HierarchicalElementAdapter
instanceKlass org/gradle/plugins/ide/internal/configurer/DefaultUniqueProjectNameProvider
instanceKlass org/gradle/plugins/ide/internal/IdePlugin
instanceKlass org/jetbrains/kotlin/gradle/KotlinGradleModel
instanceKlass org/jetbrains/plugins/gradle/model/GradleExtensions
instanceKlass org/jetbrains/plugins/gradle/model/BuildScriptClasspathModel
instanceKlass org/jetbrains/plugins/gradle/model/ModuleExtendedModel
instanceKlass org/jetbrains/plugins/gradle/model/ExternalDependency
instanceKlass org/jetbrains/plugins/gradle/model/ear/EarConfiguration$EarModel
instanceKlass org/jetbrains/plugins/gradle/model/ear/EarConfiguration
instanceKlass org/jetbrains/plugins/gradle/model/web/WebConfiguration$WarModel
instanceKlass org/jetbrains/plugins/gradle/model/web/WebConfiguration
instanceKlass org/jetbrains/kotlin/android/synthetic/idea/AndroidExtensionsGradleModel
instanceKlass org/gradle/tooling/internal/consumer/versioning/ModelMapping$DefaultModelIdentifier
instanceKlass com/google/common/base/Objects
instanceKlass org/jetbrains/plugins/gradle/model/UnresolvedExternalDependency
instanceKlass org/jetbrains/plugins/gradle/model/FileCollectionDependency
instanceKlass org/jetbrains/plugins/gradle/model/ExternalLibraryDependency
instanceKlass org/jetbrains/plugins/gradle/model/ExternalProjectDependency
instanceKlass org/jetbrains/plugins/gradle/model/ExternalDependency
instanceKlass org/gradle/tooling/model/gradle/BuildInvocations
instanceKlass org/gradle/tooling/internal/adapter/ProtocolToModelAdapter$2
instanceKlass org/gradle/tooling/internal/adapter/ProtocolToModelAdapter$ViewGraphDetails
instanceKlass org/gradle/tooling/model/gradle/ProjectPublications
instanceKlass org/gradle/tooling/internal/protocol/InternalProjectOutcomes
instanceKlass org/gradle/tooling/model/internal/outcomes/ProjectOutcomes
instanceKlass org/gradle/tooling/internal/protocol/InternalBuildEnvironment
instanceKlass org/gradle/tooling/model/build/BuildEnvironment
instanceKlass org/gradle/tooling/internal/protocol/InternalBasicIdeaProject
instanceKlass org/gradle/tooling/model/idea/BasicIdeaProject
instanceKlass org/gradle/tooling/internal/protocol/InternalGradleProject
instanceKlass org/gradle/tooling/model/GradleProject
instanceKlass org/gradle/tooling/model/BuildableElement
instanceKlass org/gradle/tooling/internal/protocol/InternalIdeaProject
instanceKlass org/gradle/tooling/model/idea/IdeaProject
instanceKlass org/gradle/tooling/internal/protocol/eclipse/EclipseProjectVersion3
instanceKlass org/gradle/tooling/internal/protocol/ProjectVersion3
instanceKlass org/gradle/tooling/internal/protocol/BuildableProjectVersion1
instanceKlass org/gradle/tooling/model/eclipse/EclipseProject
instanceKlass org/gradle/tooling/internal/protocol/eclipse/HierarchicalEclipseProjectVersion1
instanceKlass org/gradle/tooling/internal/protocol/HierarchicalProjectVersion1
instanceKlass org/gradle/tooling/model/eclipse/HierarchicalEclipseProject
instanceKlass com/google/common/collect/AbstractMapEntry
instanceKlass com/google/common/collect/Hashing
instanceKlass com/google/common/collect/CollectPreconditions
instanceKlass com/google/common/collect/BiMap
instanceKlass org/gradle/tooling/internal/protocol/ModelIdentifier
instanceKlass org/gradle/tooling/internal/consumer/versioning/ModelMapping
instanceKlass org/gradle/tooling/model/internal/outcomes/GradleFileBuildOutcome
instanceKlass org/gradle/tooling/model/internal/outcomes/GradleBuildOutcome
instanceKlass org/gradle/tooling/model/idea/IdeaModuleDependency
instanceKlass org/gradle/tooling/model/idea/IdeaSingleEntryLibraryDependency
instanceKlass org/gradle/tooling/model/ExternalDependency
instanceKlass org/gradle/tooling/model/idea/IdeaDependency
instanceKlass org/gradle/tooling/model/Dependency
instanceKlass org/gradle/tooling/internal/consumer/converters/ConsumerTargetTypeProvider
instanceKlass org/gradle/tooling/internal/adapter/CollectionMapper
instanceKlass org/gradle/tooling/internal/adapter/TypeInspector
instanceKlass org/gradle/internal/time/TrueTimeProvider
instanceKlass org/gradle/internal/time/TimeProvider
instanceKlass org/gradle/internal/time/Clock
instanceKlass org/gradle/internal/time/CountdownTimer
instanceKlass org/gradle/internal/time/Timer
instanceKlass org/gradle/internal/time/Timers
instanceKlass org/gradle/tooling/internal/adapter/ProtocolToModelAdapter$MethodInvocationCache
instanceKlass org/gradle/tooling/internal/adapter/ProtocolToModelAdapter$ReflectionMethodInvoker
instanceKlass org/gradle/tooling/internal/adapter/MethodInvoker
instanceKlass org/gradle/tooling/internal/adapter/ProtocolToModelAdapter$1
instanceKlass org/gradle/tooling/internal/adapter/ProtocolToModelAdapter$NoOpDecoration
instanceKlass org/gradle/tooling/internal/adapter/ProtocolToModelAdapter$ViewDecoration
instanceKlass org/gradle/tooling/internal/adapter/ViewBuilder
instanceKlass org/gradle/internal/typeconversion/NotationParser
instanceKlass org/gradle/internal/typeconversion/NotationConverter
instanceKlass org/gradle/tooling/internal/adapter/ProtocolToModelAdapter
instanceKlass org/gradle/tooling/internal/adapter/ObjectGraphAdapter
instanceKlass org/gradle/tooling/internal/protocol/BuildResult
instanceKlass org/gradle/tooling/internal/provider/runner/DefaultBuildController
instanceKlass org/gradle/model/internal/core/NodeBackedModelMap$9
instanceKlass org/gradle/model/internal/core/DefaultModelViewState$1
instanceKlass org/gradle/model/internal/core/DeferredModelAction
instanceKlass org/gradle/model/internal/core/DefaultModelViewState
instanceKlass org/gradle/model/internal/core/NodeBackedModelMap$2
instanceKlass org/gradle/model/internal/manage/schema/extract/FactoryBasedStructNodeInitializerExtractionStrategy
instanceKlass org/gradle/platform/base/internal/BinaryBuildAbility
instanceKlass org/gradle/api/artifacts/component/LibraryBinaryIdentifier
instanceKlass org/gradle/model/internal/typeregistration/BaseInstanceFactory$InternalViewRegistration
instanceKlass org/gradle/model/internal/typeregistration/BaseInstanceFactory$ImplementationRegistration
instanceKlass org/gradle/platform/base/component/internal/DefaultComponentSpec$ComponentInfo
instanceKlass org/gradle/model/internal/typeregistration/BaseInstanceFactory$TypeRegistrationBuilderImpl
instanceKlass org/gradle/model/internal/typeregistration/BaseInstanceFactory$TypeRegistration
instanceKlass org/gradle/platform/base/internal/registry/DefaultTypeBuilder
instanceKlass org/gradle/platform/base/component/internal/ComponentSpecFactory$3
instanceKlass org/gradle/language/base/internal/LanguageSourceSetInternal
instanceKlass org/gradle/platform/base/component/internal/ComponentSpecFactory$2
instanceKlass org/gradle/platform/base/component/internal/ComponentSpecFactory$1
instanceKlass org/gradle/platform/base/component/internal/AbstractComponentSpec
instanceKlass org/gradle/platform/base/internal/ComponentSpecInternal
instanceKlass org/gradle/platform/base/internal/ComponentSpecIdentifier
instanceKlass org/gradle/model/internal/typeregistration/BaseInstanceFactory$ImplementationFactory
instanceKlass org/gradle/model/internal/typeregistration/BaseInstanceFactory$TypeRegistrationBuilder
instanceKlass org/gradle/model/internal/typeregistration/InstanceFactory$ImplementationInfo
instanceKlass org/gradle/model/internal/manage/schema/extract/ManagedImplStructNodeInitializerExtractionStrategy
instanceKlass org/gradle/model/internal/manage/schema/extract/CollectionNodeInitializerExtractionSupport
instanceKlass org/gradle/model/internal/core/DefaultNodeInitializerRegistry
instanceKlass org/gradle/model/internal/inspect/DefaultModelRuleInvoker
instanceKlass org/gradle/model/internal/core/SpecializedModelMapProjection
instanceKlass org/gradle/model/internal/core/ChildNodeInitializerStrategyAccessors$1
instanceKlass org/gradle/internal/logging/text/AbstractStyledTextOutput$StyleOverrideTextOutput
instanceKlass org/gradle/internal/logging/events/StyledTextOutputEvent$Span
instanceKlass org/gradle/cache/internal/filelock/Version1LockStateSerializer$DirtyFlagLockState
instanceKlass org/gradle/internal/cleanup/DefaultBuildOutputCleanupCache$1$1
instanceKlass org/gradle/internal/cleanup/DefaultBuildOutputCleanupCache$1
instanceKlass org/gradle/internal/cleanup/DefaultBuildOutputCleanupCache
instanceKlass org/gradle/internal/cleanup/DefaultBuildOutputCleanupRegistry
instanceKlass org/gradle/internal/cleanup/DefaultBuildOutputDeleter
instanceKlass org/gradle/internal/cleanup/BuildOperationBuildOutputDeleterDecorator
instanceKlass com/android/build/gradle/BasePlugin$$Lambda$261
instanceKlass com/android/build/gradle/tasks/LintGlobalTask$GlobalConfigAction$$Lambda$260
instanceKlass com/android/build/gradle/tasks/LintGlobalTask$GlobalConfigAction$$Lambda$259
instanceKlass com/android/build/gradle/internal/TaskManager$$Lambda$258
instanceKlass com/android/build/FilterData
instanceKlass com/android/build/gradle/internal/ApiObjectFactory$$Lambda$257
instanceKlass com/android/build/gradle/internal/scope/OutputScope$$Lambda$256
instanceKlass com/android/build/gradle/internal/api/BaseVariantOutputImpl
instanceKlass com/android/build/gradle/api/ApkVariantOutput
instanceKlass com/android/build/gradle/internal/dsl/VariantOutputFactory
instanceKlass com/android/build/gradle/internal/api/BaseVariantImpl
instanceKlass com/android/build/gradle/internal/ApiObjectFactory
instanceKlass com/android/build/gradle/internal/tasks/SigningReportTask$SigningInfo
instanceKlass com/android/build/gradle/internal/TaskManager$$Lambda$255
instanceKlass com/android/build/gradle/internal/TaskManager$$Lambda$254
instanceKlass com/android/build/gradle/internal/TaskManager$$Lambda$253
instanceKlass com/android/build/gradle/internal/scope/AndroidTask$4
instanceKlass com/android/build/gradle/internal/tasks/DeviceProviderInstrumentTestTask$ConfigAction$$Lambda$252
instanceKlass org/gradle/api/internal/AbstractTask$9
instanceKlass com/android/builder/core/BuilderConstants
instanceKlass com/android/build/gradle/internal/tasks/DeviceProviderInstrumentTestTask$ConfigAction$$Lambda$251
instanceKlass com/android/build/gradle/internal/tasks/DeviceProviderInstrumentTestTask$ConfigAction$$Lambda$250
instanceKlass com/android/ddmlib/IShellEnabledDevice
instanceKlass com/android/builder/testing/BaseTestRunner
instanceKlass com/android/build/gradle/internal/tasks/DeviceProviderInstrumentTestTask$1
instanceKlass org/gradle/api/Nullable
instanceKlass com/android/build/gradle/internal/tasks/DeviceProviderInstrumentTestTask$$Lambda$249
instanceKlass com/android/build/gradle/internal/tasks/DeviceProviderInstrumentTestTask$TestRunnerFactory
instanceKlass com/android/build/gradle/internal/tasks/AndroidTestTask
instanceKlass com/android/ddmlib/Log$ILogOutput
instanceKlass com/android/builder/testing/TestRunner
instanceKlass com/android/build/gradle/internal/tasks/DeviceProviderInstrumentTestTask$ConfigAction
instanceKlass com/android/build/gradle/internal/TaskManager$$Lambda$248
instanceKlass com/android/build/gradle/internal/variant/TestVariantData$1
instanceKlass com/android/build/gradle/tasks/ProcessTestManifest$ConfigAction$$Lambda$247
instanceKlass com/android/build/gradle/tasks/ProcessTestManifest$ConfigAction$$Lambda$246
instanceKlass com/android/build/gradle/tasks/ProcessTestManifest$ConfigAction$$Lambda$245
instanceKlass com/android/build/gradle/tasks/ProcessTestManifest$ConfigAction$$Lambda$244
instanceKlass com/android/build/gradle/tasks/ProcessTestManifest$ConfigAction$$Lambda$243
instanceKlass com/android/build/gradle/tasks/ProcessTestManifest$ConfigAction$$Lambda$242
instanceKlass com/android/build/gradle/tasks/ProcessTestManifest$ConfigAction$$Lambda$241
instanceKlass com/android/build/gradle/tasks/ProcessTestManifest$ConfigAction
instanceKlass com/android/build/gradle/internal/tasks/TestPreBuildTask$ConfigAction
instanceKlass com/android/build/gradle/internal/TaskManager$$Lambda$240
instanceKlass com/android/build/gradle/internal/TaskManager$$Lambda$239
instanceKlass com/android/build/gradle/internal/TaskManager$$Lambda$238
instanceKlass com/android/build/gradle/internal/TaskManager$$Lambda$237
instanceKlass com/android/build/gradle/internal/TaskManager$$Lambda$236
instanceKlass org/gradle/api/plugins/JavaBasePlugin$17
instanceKlass org/gradle/api/plugins/JavaBasePlugin$16
instanceKlass org/gradle/api/plugins/JavaBasePlugin$15
instanceKlass org/gradle/api/internal/tasks/testing/filter/DefaultTestFilter
instanceKlass org/gradle/api/reporting/internal/TaskGeneratedReport$1
instanceKlass org/gradle/api/reporting/internal/SimpleReport
instanceKlass org/gradle/api/reporting/internal/DefaultReportContainer$5
instanceKlass org/gradle/api/reporting/Report$1
instanceKlass org/gradle/api/reporting/internal/DefaultReportContainer$4
instanceKlass org/gradle/api/reporting/internal/DefaultReportContainer$3
instanceKlass org/gradle/api/reporting/internal/DefaultReportContainer$2
instanceKlass org/gradle/api/reporting/internal/DefaultReportContainer$1
instanceKlass org/gradle/api/tasks/testing/JUnitXmlReport
instanceKlass org/gradle/api/internal/tasks/testing/logging/DefaultTestLogging
instanceKlass org/gradle/api/internal/tasks/testing/logging/DefaultTestLoggingContainer
instanceKlass org/gradle/process/internal/JvmOptions
instanceKlass org/gradle/process/internal/DefaultProcessForkOptions
instanceKlass org/gradle/process/internal/JavaForkOptionsInternal
instanceKlass org/gradle/api/internal/tasks/options/Option
instanceKlass org/gradle/api/tasks/testing/logging/TestLoggingContainer
instanceKlass org/gradle/api/tasks/testing/TestTaskReports
instanceKlass org/gradle/api/tasks/testing/logging/TestLogging
instanceKlass org/gradle/api/tasks/testing/TestFrameworkOptions
instanceKlass org/gradle/api/internal/tasks/testing/TestFramework
instanceKlass org/gradle/api/internal/tasks/testing/junit/report/TestReporter
instanceKlass org/gradle/api/internal/tasks/testing/junit/result/TestResultsProvider
instanceKlass org/gradle/api/internal/tasks/testing/detection/TestExecuter
instanceKlass org/gradle/api/internal/tasks/testing/TestResultProcessor
instanceKlass org/gradle/api/tasks/testing/TestOutputListener
instanceKlass org/gradle/api/reporting/ReportContainer
instanceKlass org/gradle/api/reporting/DirectoryReport
instanceKlass org/gradle/api/internal/tasks/testing/logging/TestExceptionFormatter
instanceKlass org/gradle/api/tasks/testing/TestFilter
instanceKlass org/gradle/api/reporting/ConfigurableReport
instanceKlass org/gradle/api/reporting/Report
instanceKlass com/android/build/gradle/tasks/factory/AndroidUnitTest$ConfigAction
instanceKlass com/android/build/gradle/internal/scope/AndroidTask$3
instanceKlass com/android/build/gradle/internal/TaskManager$$Lambda$235
instanceKlass com/android/build/gradle/internal/TaskManager$$Lambda$234
instanceKlass com/android/build/gradle/tasks/LintBaseTask$BaseConfigAction
instanceKlass com/android/build/gradle/internal/ApplicationTaskManager$$Lambda$233
instanceKlass com/android/build/gradle/internal/TaskManager$$Lambda$232
instanceKlass com/android/build/gradle/internal/tasks/UninstallTask$ConfigAction$$Lambda$231
instanceKlass com/android/build/gradle/internal/tasks/UninstallTask$$Lambda$230
instanceKlass com/android/build/gradle/internal/tasks/UninstallTask$$Lambda$229
instanceKlass com/android/build/gradle/internal/tasks/UninstallTask$ConfigAction
instanceKlass com/android/build/gradle/internal/tasks/InstallVariantTask$ConfigAction$$Lambda$228
instanceKlass com/android/build/gradle/internal/tasks/InstallVariantTask$ConfigAction$$Lambda$227
instanceKlass org/gradle/api/internal/tasks/DefaultTaskInputs$3
instanceKlass com/android/build/gradle/internal/tasks/InstallVariantTask$$Lambda$226
instanceKlass com/android/builder/testing/api/DeviceConfigProvider
instanceKlass com/android/build/gradle/internal/tasks/InstallVariantTask$ConfigAction
instanceKlass com/android/build/gradle/internal/tasks/ValidateSigningTask$ConfigAction
instanceKlass com/android/build/gradle/internal/TaskManager$$Lambda$225
instanceKlass com/android/build/gradle/internal/pipeline/IntermediateStream$$Lambda$224
instanceKlass com/android/build/gradle/internal/pipeline/StreamFilter$$Lambda$223
instanceKlass com/android/build/gradle/internal/pipeline/StreamFilter$$Lambda$222
instanceKlass com/android/build/gradle/internal/pipeline/StreamFilter$$Lambda$221
instanceKlass com/android/build/gradle/internal/pipeline/StreamFilter
instanceKlass com/android/builder/internal/aapt/AaptOptions
instanceKlass com/android/build/gradle/internal/dsl/DslAdaptersKt
instanceKlass com/android/build/gradle/tasks/PackageAndroidArtifact$OutputFileProvider
instanceKlass com/android/builder/files/FileCacheByPath
instanceKlass com/android/build/gradle/tasks/PackageAndroidArtifact$ConfigAction
instanceKlass com/android/build/gradle/internal/scope/DefaultGradlePackagingScope
instanceKlass com/android/build/gradle/internal/ApplicationTaskManager$$Lambda$220
instanceKlass com/android/build/gradle/internal/ndk/DefaultNdkInfo$$Lambda$219
instanceKlass com/android/build/gradle/internal/ndk/DefaultNdkInfo$$Lambda$218
instanceKlass com/android/utils/ImmutableCollectors$$Lambda$217
instanceKlass com/android/utils/ImmutableCollectors$$Lambda$216
instanceKlass com/android/utils/ImmutableCollectors$$Lambda$215
instanceKlass com/android/utils/ImmutableCollectors$$Lambda$214
instanceKlass com/android/utils/ImmutableCollectors
instanceKlass com/android/build/gradle/internal/transforms/StripDebugSymbolTransform$$Lambda$213
instanceKlass java/nio/file/PathMatcher
instanceKlass com/android/build/gradle/internal/TaskManager$$Lambda$212
instanceKlass com/android/build/gradle/internal/TaskManager$$Lambda$211
instanceKlass com/android/build/gradle/internal/transforms/DexMergerTransformCallable$Factory
instanceKlass com/android/build/gradle/internal/transforms/DexMergerTransformCallable
instanceKlass com/android/ide/common/process/ProcessOutput
instanceKlass com/android/build/gradle/internal/TaskManager$$Lambda$210
instanceKlass com/android/build/gradle/internal/transforms/DexArchiveBuilderCacheHandler
instanceKlass java/util/concurrent/ForkJoinPool$1
instanceKlass java/util/concurrent/ForkJoinPool$DefaultForkJoinWorkerThreadFactory
instanceKlass java/util/concurrent/ForkJoinTask
instanceKlass java/util/concurrent/ForkJoinPool$WorkQueue
instanceKlass java/util/concurrent/ForkJoinPool$ForkJoinWorkerThreadFactory
instanceKlass com/android/ide/common/internal/WaitableExecutor
instanceKlass com/android/build/gradle/internal/transforms/MergeJavaResourcesTransform$$Lambda$209
instanceKlass org/gradle/api/plugins/BasePlugin$1$4
instanceKlass org/gradle/api/plugins/BasePlugin$1$3
instanceKlass org/gradle/api/plugins/BasePlugin$1$1
instanceKlass org/gradle/jvm/tasks/Jar$2
instanceKlass org/gradle/jvm/tasks/Jar$1
instanceKlass org/gradle/api/java/archives/internal/DefaultAttributes
instanceKlass org/gradle/api/java/archives/Attributes
instanceKlass org/gradle/api/java/archives/internal/DefaultManifest
instanceKlass org/gradle/api/java/archives/internal/ManifestInternal
instanceKlass org/gradle/api/internal/file/copy/ZipCompressor
instanceKlass org/gradle/api/internal/file/archive/compression/ArchiveOutputStreamFactory
instanceKlass com/android/build/gradle/internal/ApplicationTaskManager$1
instanceKlass com/android/build/gradle/tasks/factory/AbstractCompilesUtil
instanceKlass org/gradle/api/internal/provider/DefaultPropertyState$2
instanceKlass java/util/stream/FindOps$$Lambda$208
instanceKlass java/util/stream/FindOps$FindSink
instanceKlass java/util/stream/FindOps$$Lambda$207
instanceKlass java/util/stream/FindOps$FindOp
instanceKlass java/util/stream/FindOps
instanceKlass com/android/builder/core/BootClasspathBuilder$$Lambda$206
instanceKlass com/android/builder/core/BootClasspathBuilder
instanceKlass com/google/common/collect/CollectCollectors$$Lambda$205
instanceKlass com/google/common/collect/CollectCollectors$$Lambda$204
instanceKlass com/google/common/collect/CollectCollectors$$Lambda$203
instanceKlass com/google/common/collect/CollectCollectors$$Lambda$202
instanceKlass com/google/common/collect/CollectCollectors
instanceKlass com/android/build/gradle/internal/api/DefaultAndroidSourceDirectorySet$$Lambda$201
instanceKlass org/gradle/api/plugins/JavaBasePlugin$8$2
instanceKlass org/gradle/api/internal/ConventionAwareHelper$MappedPropertyImpl
instanceKlass org/gradle/api/internal/ConventionAwareHelper$2
instanceKlass org/gradle/api/plugins/JavaBasePlugin$8$1
instanceKlass org/gradle/api/internal/tasks/compile/CompilerForkUtils$1
instanceKlass org/gradle/api/internal/tasks/compile/CompilerForkUtils
instanceKlass org/gradle/api/internal/provider/DefaultPropertyState$1
instanceKlass org/gradle/api/internal/provider/DefaultPropertyState
instanceKlass org/gradle/api/internal/tasks/compile/CleaningJavaCompilerSupport
instanceKlass org/gradle/api/internal/tasks/compile/DefaultJvmLanguageCompileSpec
instanceKlass org/gradle/api/internal/tasks/compile/incremental/cache/CompileCaches
instanceKlass org/gradle/api/internal/tasks/compile/JavaCompileSpec
instanceKlass org/gradle/api/internal/tasks/compile/JvmLanguageCompileSpec
